# JRE version: OpenJDK Runtime Environment Temurin-17.0.10+7 (17.0.10+7) (build 17.0.10+7)
# Java VM: OpenJDK 64-Bit Server VM Temurin-17.0.10+7 (17.0.10+7, mixed mode, tiered, compressed oops, compressed class ptrs, parallel gc, linux-amd64)
GC Precious Log:
 CPUs: 16 total, 16 available
 Memory: 15811M
 Large Page Support: Disabled
 NUMA Support: Disabled
 Compressed Oops: Enabled (32-bit)
 Alignments: Space 512K, Generation 512K, Heap 2M
 Heap Min Capacity: 100M
 Heap Initial Capacity: 100M
 Heap Max Capacity: 1G
 Pre-touch: Disabled
 Parallel Workers: 13
Heap:
 PSYoungGen      total 19456K, used 19424K [0x00000000eab00000, 0x00000000ec780000, 0x0000000100000000)
  eden space 12800K, 100% used [0x00000000eab00000,0x00000000eb780000,0x00000000eb780000)
  from space 6656K, 99% used [0x00000000ebf00000,0x00000000ec578008,0x00000000ec580000)
  to   space 7680K, 54% used [0x00000000eb780000,0x00000000ebb96010,0x00000000ebf00000)
 ParOldGen       total 226304K, used 199708K [0x00000000c0000000, 0x00000000cdd00000, 0x00000000eab00000)
  object space 226304K, 88% used [0x00000000c0000000,0x00000000cc307130,0x00000000cdd00000)
 Metaspace       used 76728K, committed 77888K, reserved 1179648K
  class space    used 8656K, committed 9088K, reserved 1048576K
GC Heap History (20 events):
Event: 12.262 GC heap after
{Heap after GC invocations=146 (full 10):
 PSYoungGen      total 21504K, used 3392K [0x00000000eab00000, 0x00000000ec400000, 0x0000000100000000)
  eden space 15872K, 0% used [0x00000000eab00000,0x00000000eab00000,0x00000000eba80000)
  from space 5632K, 60% used [0x00000000eba80000,0x00000000ebdd0008,0x00000000ec000000)
  to   space 4096K, 0% used [0x00000000ec000000,0x00000000ec000000,0x00000000ec400000)
 ParOldGen       total 287232K, used 283847K [0x00000000c0000000, 0x00000000d1880000, 0x00000000eab00000)
  object space 287232K, 98% used [0x00000000c0000000,0x00000000d1531eb0,0x00000000d1880000)
 Metaspace       used 76727K, committed 77888K, reserved 1179648K
  class space    used 8656K, committed 9088K, reserved 1048576K
}
Event: 12.262 GC heap before
{Heap before GC invocations=147 (full 11):
 PSYoungGen      total 21504K, used 3392K [0x00000000eab00000, 0x00000000ec400000, 0x0000000100000000)
  eden space 15872K, 0% used [0x00000000eab00000,0x00000000eab00000,0x00000000eba80000)
  from space 5632K, 60% used [0x00000000eba80000,0x00000000ebdd0008,0x00000000ec000000)
  to   space 4096K, 0% used [0x00000000ec000000,0x00000000ec000000,0x00000000ec400000)
 ParOldGen       total 287232K, used 283847K [0x00000000c0000000, 0x00000000d1880000, 0x00000000eab00000)
  object space 287232K, 98% used [0x00000000c0000000,0x00000000d1531eb0,0x00000000d1880000)
 Metaspace       used 76727K, committed 77888K, reserved 1179648K
  class space    used 8656K, committed 9088K, reserved 1048576K
}
Event: 12.329 GC heap after
{Heap after GC invocations=147 (full 11):
 PSYoungGen      total 21504K, used 0K [0x00000000eab00000, 0x00000000ec400000, 0x0000000100000000)
  eden space 17408K, 0% used [0x00000000eab00000,0x00000000eab00000,0x00000000ebc00000)
  from space 4096K, 0% used [0x00000000ec000000,0x00000000ec000000,0x00000000ec400000)
  to   space 4096K, 0% used [0x00000000ebc00000,0x00000000ebc00000,0x00000000ec000000)
 ParOldGen       total 226304K, used 179559K [0x00000000c0000000, 0x00000000cdd00000, 0x00000000eab00000)
  object space 226304K, 79% used [0x00000000c0000000,0x00000000caf59d08,0x00000000cdd00000)
 Metaspace       used 76727K, committed 77888K, reserved 1179648K
  class space    used 8656K, committed 9088K, reserved 1048576K
}
Event: 12.362 GC heap before
{Heap before GC invocations=148 (full 11):
 PSYoungGen      total 21504K, used 17408K [0x00000000eab00000, 0x00000000ec400000, 0x0000000100000000)
  eden space 17408K, 100% used [0x00000000eab00000,0x00000000ebc00000,0x00000000ebc00000)
  from space 4096K, 0% used [0x00000000ec000000,0x00000000ec000000,0x00000000ec400000)
  to   space 4096K, 0% used [0x00000000ebc00000,0x00000000ebc00000,0x00000000ec000000)
 ParOldGen       total 226304K, used 179559K [0x00000000c0000000, 0x00000000cdd00000, 0x00000000eab00000)
  object space 226304K, 79% used [0x00000000c0000000,0x00000000caf59d08,0x00000000cdd00000)
 Metaspace       used 76728K, committed 77888K, reserved 1179648K
  class space    used 8656K, committed 9088K, reserved 1048576K
}
Event: 12.364 GC heap after
{Heap after GC invocations=148 (full 11):
 PSYoungGen      total 21504K, used 3168K [0x00000000eab00000, 0x00000000ec480000, 0x0000000100000000)
  eden space 17408K, 0% used [0x00000000eab00000,0x00000000eab00000,0x00000000ebc00000)
  from space 4096K, 77% used [0x00000000ebc00000,0x00000000ebf18000,0x00000000ec000000)
  to   space 3584K, 0% used [0x00000000ec100000,0x00000000ec100000,0x00000000ec480000)
 ParOldGen       total 226304K, used 179559K [0x00000000c0000000, 0x00000000cdd00000, 0x00000000eab00000)
  object space 226304K, 79% used [0x00000000c0000000,0x00000000caf59d08,0x00000000cdd00000)
 Metaspace       used 76728K, committed 77888K, reserved 1179648K
  class space    used 8656K, committed 9088K, reserved 1048576K
}
Event: 12.396 GC heap before
{Heap before GC invocations=149 (full 11):
 PSYoungGen      total 21504K, used 20576K [0x00000000eab00000, 0x00000000ec480000, 0x0000000100000000)
  eden space 17408K, 100% used [0x00000000eab00000,0x00000000ebc00000,0x00000000ebc00000)
  from space 4096K, 77% used [0x00000000ebc00000,0x00000000ebf18000,0x00000000ec000000)
  to   space 3584K, 0% used [0x00000000ec100000,0x00000000ec100000,0x00000000ec480000)
 ParOldGen       total 226304K, used 179559K [0x00000000c0000000, 0x00000000cdd00000, 0x00000000eab00000)
  object space 226304K, 79% used [0x00000000c0000000,0x00000000caf59d08,0x00000000cdd00000)
 Metaspace       used 76728K, committed 77888K, reserved 1179648K
  class space    used 8656K, committed 9088K, reserved 1048576K
}
Event: 12.400 GC heap after
{Heap after GC invocations=149 (full 11):
 PSYoungGen      total 19456K, used 3564K [0x00000000eab00000, 0x00000000eca80000, 0x0000000100000000)
  eden space 15872K, 0% used [0x00000000eab00000,0x00000000eab00000,0x00000000eba80000)
  from space 3584K, 99% used [0x00000000ec100000,0x00000000ec47b010,0x00000000ec480000)
  to   space 6656K, 0% used [0x00000000eba80000,0x00000000eba80000,0x00000000ec100000)
 ParOldGen       total 226304K, used 181807K [0x00000000c0000000, 0x00000000cdd00000, 0x00000000eab00000)
  object space 226304K, 80% used [0x00000000c0000000,0x00000000cb18bd08,0x00000000cdd00000)
 Metaspace       used 76728K, committed 77888K, reserved 1179648K
  class space    used 8656K, committed 9088K, reserved 1048576K
}
Event: 12.429 GC heap before
{Heap before GC invocations=150 (full 11):
 PSYoungGen      total 19456K, used 19436K [0x00000000eab00000, 0x00000000eca80000, 0x0000000100000000)
  eden space 15872K, 100% used [0x00000000eab00000,0x00000000eba80000,0x00000000eba80000)
  from space 3584K, 99% used [0x00000000ec100000,0x00000000ec47b010,0x00000000ec480000)
  to   space 6656K, 0% used [0x00000000eba80000,0x00000000eba80000,0x00000000ec100000)
 ParOldGen       total 226304K, used 181807K [0x00000000c0000000, 0x00000000cdd00000, 0x00000000eab00000)
  object space 226304K, 80% used [0x00000000c0000000,0x00000000cb18bd08,0x00000000cdd00000)
 Metaspace       used 76728K, committed 77888K, reserved 1179648K
  class space    used 8656K, committed 9088K, reserved 1048576K
}
Event: 12.433 GC heap after
{Heap after GC invocations=150 (full 11):
 PSYoungGen      total 19968K, used 3724K [0x00000000eab00000, 0x00000000ec500000, 0x0000000100000000)
  eden space 15872K, 0% used [0x00000000eab00000,0x00000000eab00000,0x00000000eba80000)
  from space 4096K, 90% used [0x00000000eba80000,0x00000000ebe23010,0x00000000ebe80000)
  to   space 4608K, 0% used [0x00000000ec080000,0x00000000ec080000,0x00000000ec500000)
 ParOldGen       total 226304K, used 184272K [0x00000000c0000000, 0x00000000cdd00000, 0x00000000eab00000)
  object space 226304K, 81% used [0x00000000c0000000,0x00000000cb3f4118,0x00000000cdd00000)
 Metaspace       used 76728K, committed 77888K, reserved 1179648K
  class space    used 8656K, committed 9088K, reserved 1048576K
}
Event: 12.463 GC heap before
{Heap before GC invocations=151 (full 11):
 PSYoungGen      total 19968K, used 19596K [0x00000000eab00000, 0x00000000ec500000, 0x0000000100000000)
  eden space 15872K, 100% used [0x00000000eab00000,0x00000000eba80000,0x00000000eba80000)
  from space 4096K, 90% used [0x00000000eba80000,0x00000000ebe23010,0x00000000ebe80000)
  to   space 4608K, 0% used [0x00000000ec080000,0x00000000ec080000,0x00000000ec500000)
 ParOldGen       total 226304K, used 184272K [0x00000000c0000000, 0x00000000cdd00000, 0x00000000eab00000)
  object space 226304K, 81% used [0x00000000c0000000,0x00000000cb3f4118,0x00000000cdd00000)
 Metaspace       used 76728K, committed 77888K, reserved 1179648K
  class space    used 8656K, committed 9088K, reserved 1048576K
}
Event: 12.466 GC heap after
{Heap after GC invocations=151 (full 11):
 PSYoungGen      total 19968K, used 4588K [0x00000000eab00000, 0x00000000ec900000, 0x0000000100000000)
  eden space 15360K, 0% used [0x00000000eab00000,0x00000000eab00000,0x00000000eba00000)
  from space 4608K, 99% used [0x00000000ec080000,0x00000000ec4fb010,0x00000000ec500000)
  to   space 6656K, 0% used [0x00000000eba00000,0x00000000eba00000,0x00000000ec080000)
 ParOldGen       total 226304K, used 185704K [0x00000000c0000000, 0x00000000cdd00000, 0x00000000eab00000)
  object space 226304K, 82% used [0x00000000c0000000,0x00000000cb55a118,0x00000000cdd00000)
 Metaspace       used 76728K, committed 77888K, reserved 1179648K
  class space    used 8656K, committed 9088K, reserved 1048576K
}
Event: 12.495 GC heap before
{Heap before GC invocations=152 (full 11):
 PSYoungGen      total 19968K, used 19948K [0x00000000eab00000, 0x00000000ec900000, 0x0000000100000000)
  eden space 15360K, 100% used [0x00000000eab00000,0x00000000eba00000,0x00000000eba00000)
  from space 4608K, 99% used [0x00000000ec080000,0x00000000ec4fb010,0x00000000ec500000)
  to   space 6656K, 0% used [0x00000000eba00000,0x00000000eba00000,0x00000000ec080000)
 ParOldGen       total 226304K, used 185704K [0x00000000c0000000, 0x00000000cdd00000, 0x00000000eab00000)
  object space 226304K, 82% used [0x00000000c0000000,0x00000000cb55a118,0x00000000cdd00000)
 Metaspace       used 76728K, committed 77888K, reserved 1179648K
  class space    used 8656K, committed 9088K, reserved 1048576K
}
Event: 12.499 GC heap after
{Heap after GC invocations=152 (full 11):
 PSYoungGen      total 22016K, used 4576K [0x00000000eab00000, 0x00000000ec580000, 0x0000000100000000)
  eden space 15360K, 0% used [0x00000000eab00000,0x00000000eab00000,0x00000000eba00000)
  from space 6656K, 68% used [0x00000000eba00000,0x00000000ebe78000,0x00000000ec080000)
  to   space 5120K, 0% used [0x00000000ec080000,0x00000000ec080000,0x00000000ec580000)
 ParOldGen       total 226304K, used 188612K [0x00000000c0000000, 0x00000000cdd00000, 0x00000000eab00000)
  object space 226304K, 83% used [0x00000000c0000000,0x00000000cb831128,0x00000000cdd00000)
 Metaspace       used 76728K, committed 77888K, reserved 1179648K
  class space    used 8656K, committed 9088K, reserved 1048576K
}
Event: 12.545 GC heap before
{Heap before GC invocations=153 (full 11):
 PSYoungGen      total 22016K, used 19936K [0x00000000eab00000, 0x00000000ec580000, 0x0000000100000000)
  eden space 15360K, 100% used [0x00000000eab00000,0x00000000eba00000,0x00000000eba00000)
  from space 6656K, 68% used [0x00000000eba00000,0x00000000ebe78000,0x00000000ec080000)
  to   space 5120K, 0% used [0x00000000ec080000,0x00000000ec080000,0x00000000ec580000)
 ParOldGen       total 226304K, used 188612K [0x00000000c0000000, 0x00000000cdd00000, 0x00000000eab00000)
  object space 226304K, 83% used [0x00000000c0000000,0x00000000cb831128,0x00000000cdd00000)
 Metaspace       used 76728K, committed 77888K, reserved 1179648K
  class space    used 8656K, committed 9088K, reserved 1048576K
}
Event: 12.549 GC heap after
{Heap after GC invocations=153 (full 11):
 PSYoungGen      total 17408K, used 5088K [0x00000000eab00000, 0x00000000ece80000, 0x0000000100000000)
  eden space 12288K, 0% used [0x00000000eab00000,0x00000000eab00000,0x00000000eb700000)
  from space 5120K, 99% used [0x00000000ec080000,0x00000000ec578008,0x00000000ec580000)
  to   space 9728K, 0% used [0x00000000eb700000,0x00000000eb700000,0x00000000ec080000)
 ParOldGen       total 226304K, used 192068K [0x00000000c0000000, 0x00000000cdd00000, 0x00000000eab00000)
  object space 226304K, 84% used [0x00000000c0000000,0x00000000cbb91128,0x00000000cdd00000)
 Metaspace       used 76728K, committed 77888K, reserved 1179648K
  class space    used 8656K, committed 9088K, reserved 1048576K
}
Event: 12.569 GC heap before
{Heap before GC invocations=154 (full 11):
 PSYoungGen      total 17408K, used 17376K [0x00000000eab00000, 0x00000000ece80000, 0x0000000100000000)
  eden space 12288K, 100% used [0x00000000eab00000,0x00000000eb700000,0x00000000eb700000)
  from space 5120K, 99% used [0x00000000ec080000,0x00000000ec578008,0x00000000ec580000)
  to   space 9728K, 0% used [0x00000000eb700000,0x00000000eb700000,0x00000000ec080000)
 ParOldGen       total 226304K, used 192068K [0x00000000c0000000, 0x00000000cdd00000, 0x00000000eab00000)
  object space 226304K, 84% used [0x00000000c0000000,0x00000000cbb91128,0x00000000cdd00000)
 Metaspace       used 76728K, committed 77888K, reserved 1179648K
  class space    used 8656K, committed 9088K, reserved 1048576K
}
Event: 12.573 GC heap after
{Heap after GC invocations=154 (full 11):
 PSYoungGen      total 17920K, used 5408K [0x00000000eab00000, 0x00000000ec580000, 0x0000000100000000)
  eden space 12288K, 0% used [0x00000000eab00000,0x00000000eab00000,0x00000000eb700000)
  from space 5632K, 96% used [0x00000000eb700000,0x00000000ebc48008,0x00000000ebc80000)
  to   space 6656K, 0% used [0x00000000ebf00000,0x00000000ebf00000,0x00000000ec580000)
 ParOldGen       total 226304K, used 194124K [0x00000000c0000000, 0x00000000cdd00000, 0x00000000eab00000)
  object space 226304K, 85% used [0x00000000c0000000,0x00000000cbd93128,0x00000000cdd00000)
 Metaspace       used 76728K, committed 77888K, reserved 1179648K
  class space    used 8656K, committed 9088K, reserved 1048576K
}
Event: 12.595 GC heap before
{Heap before GC invocations=155 (full 11):
 PSYoungGen      total 17920K, used 17696K [0x00000000eab00000, 0x00000000ec580000, 0x0000000100000000)
  eden space 12288K, 100% used [0x00000000eab00000,0x00000000eb700000,0x00000000eb700000)
  from space 5632K, 96% used [0x00000000eb700000,0x00000000ebc48008,0x00000000ebc80000)
  to   space 6656K, 0% used [0x00000000ebf00000,0x00000000ebf00000,0x00000000ec580000)
 ParOldGen       total 226304K, used 194124K [0x00000000c0000000, 0x00000000cdd00000, 0x00000000eab00000)
  object space 226304K, 85% used [0x00000000c0000000,0x00000000cbd93128,0x00000000cdd00000)
 Metaspace       used 76728K, committed 77888K, reserved 1179648K
  class space    used 8656K, committed 9088K, reserved 1048576K
}
Event: 12.599 GC heap after
{Heap after GC invocations=155 (full 11):
 PSYoungGen      total 19456K, used 6624K [0x00000000eab00000, 0x00000000ec780000, 0x0000000100000000)
  eden space 12800K, 0% used [0x00000000eab00000,0x00000000eab00000,0x00000000eb780000)
  from space 6656K, 99% used [0x00000000ebf00000,0x00000000ec578008,0x00000000ec580000)
  to   space 7680K, 0% used [0x00000000eb780000,0x00000000eb780000,0x00000000ebf00000)
 ParOldGen       total 226304K, used 194764K [0x00000000c0000000, 0x00000000cdd00000, 0x00000000eab00000)
  object space 226304K, 86% used [0x00000000c0000000,0x00000000cbe33128,0x00000000cdd00000)
 Metaspace       used 76728K, committed 77888K, reserved 1179648K
  class space    used 8656K, committed 9088K, reserved 1048576K
}
Event: 12.622 GC heap before
{Heap before GC invocations=156 (full 11):
 PSYoungGen      total 19456K, used 19424K [0x00000000eab00000, 0x00000000ec780000, 0x0000000100000000)
  eden space 12800K, 100% used [0x00000000eab00000,0x00000000eb780000,0x00000000eb780000)
  from space 6656K, 99% used [0x00000000ebf00000,0x00000000ec578008,0x00000000ec580000)
  to   space 7680K, 0% used [0x00000000eb780000,0x00000000eb780000,0x00000000ebf00000)
 ParOldGen       total 226304K, used 194764K [0x00000000c0000000, 0x00000000cdd00000, 0x00000000eab00000)
  object space 226304K, 86% used [0x00000000c0000000,0x00000000cbe33128,0x00000000cdd00000)
 Metaspace       used 76728K, committed 77888K, reserved 1179648K
  class space    used 8656K, committed 9088K, reserved 1048576K
}

